NS_ASSERT failed, cond="m_frameType >= PADDING and m_frameType <= STREAM111", +11.697830963s 29 file=/home/jeimison/Documentos/Tools/ns-allinone-3.47/ns-3.48/src/quic/model/quic-subheader.cc, line=499
NS_FATAL, terminating
   0# ns3::QuicSubheader::Deserialize(ns3::Buffer::Iterator) at /home/jeimison/Documentos/Tools/ns-allinone-3.47/ns-3.48/src/quic/model/quic-subheader.cc:499
   1# ns3::Packet::RemoveHeader(ns3::Header&) at /home/jeimison/Documentos/Tools/ns-allinone-3.47/ns-3.48/src/network/model/packet.cc:285
   2# ns3::QuicL5Protocol::DisgregateRecv(ns3::Ptr<ns3::Packet>) at /home/jeimison/Documentos/Tools/ns-allinone-3.47/ns-3.48/src/quic/model/quic-l5-protocol.cc:379
   3# ns3::QuicL5Protocol::DispatchRecv(ns3::Ptr<ns3::Packet>, ns3::Address&) at /home/jeimison/Documentos/Tools/ns-allinone-3.47/ns-3.48/src/quic/model/quic-l5-protocol.cc:243
   4# ns3::QuicSocketBase::ReceivedData(ns3::Ptr<ns3::Packet>, ns3::QuicHeader const&, ns3::Address&) at /home/jeimison/Documentos/Tools/ns-allinone-3.47/ns-3.48/src/quic/model/quic-socket-base.cc:2774
   5# void std::__invoke_impl<void, void (ns3::QuicSocketBase::*&)(ns3::Ptr<ns3::Packet>, ns3::QuicHeader const&, ns3::Address&), ns3::QuicSocketBase*, ns3::Ptr<ns3::Packet>, ns3::QuicHeader const&, ns3::Address&>(std::__invoke_memfun_deref, void (ns3::QuicSocketBase::*&)(ns3::Ptr<ns3::Packet>, ns3::QuicHeader const&, ns3::Address&), ns3::QuicSocketBase*&&, ns3::Ptr<ns3::Packet>&&, ns3::QuicHeader const&, ns3::Address&) at /usr/include/c++/13/bits/invoke.h:74
   6# std::function<void (ns3::QuicSocketBase*, ns3::Ptr<ns3::Packet>, ns3::QuicHeader const&, ns3::Address&)>::operator()(ns3::QuicSocketBase*, ns3::Ptr<ns3::Packet>, ns3::QuicHeader const&, ns3::Address&) const at /usr/include/c++/13/bits/std_function.h:591
   7# std::function<void (ns3::Ptr<ns3::Packet>, ns3::QuicHeader const&, ns3::Address&)>::operator()(ns3::Ptr<ns3::Packet>, ns3::QuicHeader const&, ns3::Address&) const at /usr/include/c++/13/bits/std_function.h:591
   8# void std::__invoke_impl<void, void (ns3::QuicL4Protocol::*&)(ns3::Ptr<ns3::Socket>), ns3::QuicL4Protocol*, ns3::Ptr<ns3::Socket> >(std::__invoke_memfun_deref, void (ns3::QuicL4Protocol::*&)(ns3::Ptr<ns3::Socket>), ns3::QuicL4Protocol*&&, ns3::Ptr<ns3::Socket>&&) at /usr/include/c++/13/bits/invoke.h:74
   9# std::function<void (ns3::QuicL4Protocol*, ns3::Ptr<ns3::Socket>)>::operator()(ns3::QuicL4Protocol*, ns3::Ptr<ns3::Socket>) const at /usr/include/c++/13/bits/std_function.h:591
  10# std::function<void (ns3::Ptr<ns3::Socket>)>::operator()(ns3::Ptr<ns3::Socket>) const at /usr/include/c++/13/bits/std_function.h:591
  11# ns3::Socket::NotifyDataRecv() at /home/jeimison/Documentos/Tools/ns-allinone-3.47/ns-3.48/src/network/model/socket.cc:296
  12# ns3::UdpSocketImpl::ForwardUp(ns3::Ptr<ns3::Packet>, ns3::Ipv4Header, unsigned short, ns3::Ptr<ns3::Ipv4Interface>) at /home/jeimison/Documentos/Tools/ns-allinone-3.47/ns-3.48/src/internet/model/udp-socket-impl.cc:1060
  13# void std::__invoke_impl<void, void (ns3::UdpSocketImpl::*&)(ns3::Ptr<ns3::Packet>, ns3::Ipv4Header, unsigned short, ns3::Ptr<ns3::Ipv4Interface>), ns3::Ptr<ns3::UdpSocketImpl>, ns3::Ptr<ns3::Packet>, ns3::Ipv4Header, unsigned short, ns3::Ptr<ns3::Ipv4Interface> >(std::__invoke_memfun_deref, void (ns3::UdpSocketImpl::*&)(ns3::Ptr<ns3::Packet>, ns3::Ipv4Header, unsigned short, ns3::Ptr<ns3::Ipv4Interface>), ns3::Ptr<ns3::UdpSocketImpl>&&, ns3::Ptr<ns3::Packet>&&, ns3::Ipv4Header&&, unsigned short&&, ns3::Ptr<ns3::Ipv4Interface>&&) at /usr/include/c++/13/bits/invoke.h:74
  14# std::function<void (ns3::Ptr<ns3::UdpSocketImpl>, ns3::Ptr<ns3::Packet>, ns3::Ipv4Header, unsigned short, ns3::Ptr<ns3::Ipv4Interface>)>::operator()(ns3::Ptr<ns3::UdpSocketImpl>, ns3::Ptr<ns3::Packet>, ns3::Ipv4Header, unsigned short, ns3::Ptr<ns3::Ipv4Interface>) const at /usr/include/c++/13/bits/std_function.h:591
  15# std::function<void (ns3::Ptr<ns3::Packet>, ns3::Ipv4Header, unsigned short, ns3::Ptr<ns3::Ipv4Interface>)>::operator()(ns3::Ptr<ns3::Packet>, ns3::Ipv4Header, unsigned short, ns3::Ptr<ns3::Ipv4Interface>) const at /usr/include/c++/13/bits/std_function.h:591
  16# ns3::Ipv4EndPoint::ForwardUp(ns3::Ptr<ns3::Packet>, ns3::Ipv4Header const&, unsigned short, ns3::Ptr<ns3::Ipv4Interface>) at /home/jeimison/Documentos/Tools/ns-allinone-3.47/ns-3.48/src/internet/model/ipv4-end-point.cc:132
  17# ns3::UdpL4Protocol::Receive(ns3::Ptr<ns3::Packet>, ns3::Ipv4Header const&, ns3::Ptr<ns3::Ipv4Interface>) at /home/jeimison/Documentos/Tools/ns-allinone-3.47/ns-3.48/src/internet/model/udp-l4-protocol.cc:373
  18# ns3::Ipv4L3Protocol::LocalDeliver(ns3::Ptr<ns3::Packet const>, ns3::Ipv4Header const&, unsigned int) at /home/jeimison/Documentos/Tools/ns-allinone-3.47/ns-3.48/src/internet/model/ipv4-l3-protocol.cc:1089
  19# void std::__invoke_impl<void, void (ns3::Ipv4L3Protocol::*&)(ns3::Ptr<ns3::Packet const>, ns3::Ipv4Header const&, unsigned int), ns3::Ipv4L3Protocol*, ns3::Ptr<ns3::Packet const>, ns3::Ipv4Header const&, unsigned int>(std::__invoke_memfun_deref, void (ns3::Ipv4L3Protocol::*&)(ns3::Ptr<ns3::Packet const>, ns3::Ipv4Header const&, unsigned int), ns3::Ipv4L3Protocol*&&, ns3::Ptr<ns3::Packet const>&&, ns3::Ipv4Header const&, unsigned int&&) at /usr/include/c++/13/bits/invoke.h:74
  20# std::function<void (ns3::Ipv4L3Protocol*, ns3::Ptr<ns3::Packet const>, ns3::Ipv4Header const&, unsigned int)>::operator()(ns3::Ipv4L3Protocol*, ns3::Ptr<ns3::Packet const>, ns3::Ipv4Header const&, unsigned int) const at /usr/include/c++/13/bits/std_function.h:591
  21# std::function<void (ns3::Ptr<ns3::Packet const>, ns3::Ipv4Header const&, unsigned int)>::operator()(ns3::Ptr<ns3::Packet const>, ns3::Ipv4Header const&, unsigned int) const at /usr/include/c++/13/bits/std_function.h:591
  22# ns3::Ipv4ListRouting::RouteInput(ns3::Ptr<ns3::Packet const>, ns3::Ipv4Header const&, ns3::Ptr<ns3::NetDevice const>, ns3::Callback<void, ns3::Ptr<ns3::Ipv4Route>, ns3::Ptr<ns3::Packet const>, ns3::Ipv4Header const&> const&, ns3::Callback<void, ns3::Ptr<ns3::Ipv4MulticastRoute>, ns3::Ptr<ns3::Packet const>, ns3::Ipv4Header const&> const&, ns3::Callback<void, ns3::Ptr<ns3::Packet const>, ns3::Ipv4Header const&, unsigned int> const&, ns3::Callback<void, ns3::Ptr<ns3::Packet const>, ns3::Ipv4Header const&, ns3::Socket::SocketErrno> const&) at /home/jeimison/Documentos/Tools/ns-allinone-3.47/ns-3.48/src/internet/model/ipv4-list-routing.cc:157
  23# ns3::Ipv4L3Protocol::Receive(ns3::Ptr<ns3::NetDevice>, ns3::Ptr<ns3::Packet const>, unsigned short, ns3::Address const&, ns3::Address const&, ns3::NetDevice::PacketType) at /home/jeimison/Documentos/Tools/ns-allinone-3.47/ns-3.48/src/internet/model/ipv4-l3-protocol.cc:642
  24# void std::__invoke_impl<void, void (ns3::Ipv4L3Protocol::*&)(ns3::Ptr<ns3::NetDevice>, ns3::Ptr<ns3::Packet const>, unsigned short, ns3::Address const&, ns3::Address const&, ns3::NetDevice::PacketType), ns3::Ipv4L3Protocol*, ns3::Ptr<ns3::NetDevice>, ns3::Ptr<ns3::Packet const>, unsigned short, ns3::Address const&, ns3::Address const&, ns3::NetDevice::PacketType>(std::__invoke_memfun_deref, void (ns3::Ipv4L3Protocol::*&)(ns3::Ptr<ns3::NetDevice>, ns3::Ptr<ns3::Packet const>, unsigned short, ns3::Address const&, ns3::Address const&, ns3::NetDevice::PacketType), ns3::Ipv4L3Protocol*&&, ns3::Ptr<ns3::NetDevice>&&, ns3::Ptr<ns3::Packet const>&&, unsigned short&&, ns3::Address const&, ns3::Address const&, ns3::NetDevice::PacketType&&) at /usr/include/c++/13/bits/invoke.h:74
  25# std::function<void (ns3::Ipv4L3Protocol*, ns3::Ptr<ns3::NetDevice>, ns3::Ptr<ns3::Packet const>, unsigned short, ns3::Address const&, ns3::Address const&, ns3::NetDevice::PacketType)>::operator()(ns3::Ipv4L3Protocol*, ns3::Ptr<ns3::NetDevice>, ns3::Ptr<ns3::Packet const>, unsigned short, ns3::Address const&, ns3::Address const&, ns3::NetDevice::PacketType) const at /usr/include/c++/13/bits/std_function.h:591
  26# std::function<void (ns3::Ptr<ns3::NetDevice>, ns3::Ptr<ns3::Packet const>, unsigned short, ns3::Address const&, ns3::Address const&, ns3::NetDevice::PacketType)>::operator()(ns3::Ptr<ns3::NetDevice>, ns3::Ptr<ns3::Packet const>, unsigned short, ns3::Address const&, ns3::Address const&, ns3::NetDevice::PacketType) const at /usr/include/c++/13/bits/std_function.h:591
  27# void std::__invoke_impl<void, void (ns3::TrafficControlLayer::*&)(ns3::Ptr<ns3::NetDevice>, ns3::Ptr<ns3::Packet const>, unsigned short, ns3::Address const&, ns3::Address const&, ns3::NetDevice::PacketType), ns3::Ptr<ns3::TrafficControlLayer>, ns3::Ptr<ns3::NetDevice>, ns3::Ptr<ns3::Packet const>, unsigned short, ns3::Address const&, ns3::Address const&, ns3::NetDevice::PacketType>(std::__invoke_memfun_deref, void (ns3::TrafficControlLayer::*&)(ns3::Ptr<ns3::NetDevice>, ns3::Ptr<ns3::Packet const>, unsigned short, ns3::Address const&, ns3::Address const&, ns3::NetDevice::PacketType), ns3::Ptr<ns3::TrafficControlLayer>&&, ns3::Ptr<ns3::NetDevice>&&, ns3::Ptr<ns3::Packet const>&&, unsigned short&&, ns3::Address const&, ns3::Address const&, ns3::NetDevice::PacketType&&) at /usr/include/c++/13/bits/invoke.h:74
  28# std::function<void (ns3::Ptr<ns3::TrafficControlLayer>, ns3::Ptr<ns3::NetDevice>, ns3::Ptr<ns3::Packet const>, unsigned short, ns3::Address const&, ns3::Address const&, ns3::NetDevice::PacketType)>::operator()(ns3::Ptr<ns3::TrafficControlLayer>, ns3::Ptr<ns3::NetDevice>, ns3::Ptr<ns3::Packet const>, unsigned short, ns3::Address const&, ns3::Address const&, ns3::NetDevice::PacketType) const at /usr/include/c++/13/bits/std_function.h:591
  29# std::function<void (ns3::Ptr<ns3::NetDevice>, ns3::Ptr<ns3::Packet const>, unsigned short, ns3::Address const&, ns3::Address const&, ns3::NetDevice::PacketType)>::operator()(ns3::Ptr<ns3::NetDevice>, ns3::Ptr<ns3::Packet const>, unsigned short, ns3::Address const&, ns3::Address const&, ns3::NetDevice::PacketType) const at /usr/include/c++/13/bits/std_function.h:591
  30# ns3::Node::NonPromiscReceiveFromDevice(ns3::Ptr<ns3::NetDevice>, ns3::Ptr<ns3::Packet const>, unsigned short, ns3::Address const&) at /home/jeimison/Documentos/Tools/ns-allinone-3.47/ns-3.48/src/network/model/node.cc:293
  31# bool std::__invoke_impl<bool, bool (ns3::Node::*&)(ns3::Ptr<ns3::NetDevice>, ns3::Ptr<ns3::Packet const>, unsigned short, ns3::Address const&), ns3::Node*, ns3::Ptr<ns3::NetDevice>, ns3::Ptr<ns3::Packet const>, unsigned short, ns3::Address const&>(std::__invoke_memfun_deref, bool (ns3::Node::*&)(ns3::Ptr<ns3::NetDevice>, ns3::Ptr<ns3::Packet const>, unsigned short, ns3::Address const&), ns3::Node*&&, ns3::Ptr<ns3::NetDevice>&&, ns3::Ptr<ns3::Packet const>&&, unsigned short&&, ns3::Address const&) at /usr/include/c++/13/bits/invoke.h:74
  32# std::function<bool (ns3::Node*, ns3::Ptr<ns3::NetDevice>, ns3::Ptr<ns3::Packet const>, unsigned short, ns3::Address const&)>::operator()(ns3::Node*, ns3::Ptr<ns3::NetDevice>, ns3::Ptr<ns3::Packet const>, unsigned short, ns3::Address const&) const at /usr/include/c++/13/bits/std_function.h:591
  33# std::function<bool (ns3::Ptr<ns3::NetDevice>, ns3::Ptr<ns3::Packet const>, unsigned short, ns3::Address const&)>::operator()(ns3::Ptr<ns3::NetDevice>, ns3::Ptr<ns3::Packet const>, unsigned short, ns3::Address const&) const at /usr/include/c++/13/bits/std_function.h:591
  34# void std::__invoke_impl<void, void (ns3::PointToPointNetDevice::*&)(ns3::Ptr<ns3::Packet>), ns3::Ptr<ns3::PointToPointNetDevice>&, ns3::Ptr<ns3::Packet>&>(std::__invoke_memfun_deref, void (ns3::PointToPointNetDevice::*&)(ns3::Ptr<ns3::Packet>), ns3::Ptr<ns3::PointToPointNetDevice>&, ns3::Ptr<ns3::Packet>&) at /usr/include/c++/13/bits/invoke.h:74
  35# ns3::DefaultSimulatorImpl::ProcessOneEvent() at /home/jeimison/Documentos/Tools/ns-allinone-3.47/ns-3.48/src/core/model/default-simulator-impl.cc:131
  36# ns3::DefaultSimulatorImpl::Run() at /home/jeimison/Documentos/Tools/ns-allinone-3.47/ns-3.48/src/core/model/default-simulator-impl.cc:184
  37# main at /home/jeimison/Documentos/Tools/ns-allinone-3.47/ns-3.48/scratch/connection-success.cc:1077
  38# __libc_start_call_main at ../sysdeps/nptl/libc_start_call_main.h:58
  39# __libc_start_main_impl at ../csu/libc-start.c:360
  40# _start at :0
  41# 

terminate called without an active exception
