gmake[1]: *** [CMakeFiles/Makefile2:22040: examples/tutorial/CMakeFiles/sixth.dir/all] Interrupção
gmake[1]: *** [CMakeFiles/Makefile2:22502: examples/wireless/CMakeFiles/wifi-backward-compatibility.dir/all] Interrupção
gmake[2]: *** [examples/wireless/CMakeFiles/wifi-clear-channel-cmu.dir/build.make:109: examples/wireless/CMakeFiles/wifi-clear-channel-cmu.dir/depend] Interrupção
gmake[1]: *** [CMakeFiles/Makefile2:22582: examples/wireless/CMakeFiles/wifi-clear-channel-cmu.dir/all] Interrupção
gmake[1]: *** [CMakeFiles/Makefile2:22207: examples/udp-client-server/CMakeFiles/udp-trace-client-server.dir/all] Interrupção
gmake[2]: *** [examples/wireless/CMakeFiles/wifi-he-network.dir/build.make:109: examples/wireless/CMakeFiles/wifi-he-network.dir/depend] Interrupção
gmake[1]: *** [CMakeFiles/Makefile2:22663: examples/wireless/CMakeFiles/wifi-he-network.dir/all] Interrupção
gmake[2]: *** [examples/wireless/CMakeFiles/wifi-80211n-mimo.dir/build.make:109: examples/wireless/CMakeFiles/wifi-80211n-mimo.dir/depend] Interrupção
gmake[1]: *** [CMakeFiles/Makefile2:22337: examples/wireless/CMakeFiles/wifi-80211n-mimo.dir/all] Interrupção
gmake: *** [Makefile:136: all] Interrupção
Traceback (most recent call last):
  File "/home/jeimison/Documentos/Tools/ns-allinone-3.47/ns-3.47/./ns3", line 2163, in <module>
    main()
  File "/home/jeimison/Documentos/Tools/ns-allinone-3.47/ns-3.47/./ns3", line 2125, in main
    build_step(
  File "/home/jeimison/Documentos/Tools/ns-allinone-3.47/ns-3.47/./ns3", line 1354, in build_step
    cmake_build(
  File "/home/jeimison/Documentos/Tools/ns-allinone-3.47/ns-3.47/./ns3", line 1188, in cmake_build
    ret = subprocess.run(
          ^^^^^^^^^^^^^^^
  File "/usr/lib/python3.12/subprocess.py", line 550, in run
    stdout, stderr = process.communicate(input, timeout=timeout)
                     ^^^^^^^^^^^^^^^^^^^^^^^^^^^^^^^^^^^^^^^^^^^
  File "/usr/lib/python3.12/subprocess.py", line 1201, in communicate
    self.wait()
  File "/usr/lib/python3.12/subprocess.py", line 1264, in wait
    return self._wait(timeout=timeout)
           ^^^^^^^^^^^^^^^^^^^^^^^^^^^
  File "/usr/lib/python3.12/subprocess.py", line 2053, in _wait
    (pid, sts) = self._try_wait(0)
                 ^^^^^^^^^^^^^^^^^
  File "/usr/lib/python3.12/subprocess.py", line 2011, in _try_wait
    (pid, sts) = os.waitpid(self.pid, wait_flags)
                 ^^^^^^^^^^^^^^^^^^^^^^^^^^^^^^^^
KeyboardInterrupt
