gmake[1]: *** [CMakeFiles/Makefile2:23072: examples/wireless/CMakeFiles/wifi-error-models-comparison.dir/all] Interrupção
gmake[2]: *** [examples/wireless/CMakeFiles/wifi-ofdm-validation.dir/build.make:109: examples/wireless/CMakeFiles/wifi-ofdm-validation.dir/depend] Interrupção
gmake[1]: *** [CMakeFiles/Makefile2:22991: examples/wireless/CMakeFiles/wifi-ofdm-validation.dir/all] Interrupção
gmake[2]: *** [examples/wireless/CMakeFiles/wifi-ofdm-he-validation.dir/build.make:109: examples/wireless/CMakeFiles/wifi-ofdm-he-validation.dir/depend] Interrupção
gmake[1]: *** [CMakeFiles/Makefile2:22911: examples/wireless/CMakeFiles/wifi-ofdm-he-validation.dir/all] Interrupção
gmake[2]: *** [examples/wireless/CMakeFiles/wifi-ofdm-vht-validation.dir/build.make:110: examples/wireless/CMakeFiles/wifi-ofdm-vht-validation.dir/depend] Interrupção
gmake[1]: *** [CMakeFiles/Makefile2:23032: examples/wireless/CMakeFiles/wifi-ofdm-vht-validation.dir/all] Interrupção
gmake[2]: *** [examples/wireless/CMakeFiles/wifi-ofdm-ht-validation.dir/build.make:109: examples/wireless/CMakeFiles/wifi-ofdm-ht-validation.dir/depend] Interrupção
gmake[1]: *** [CMakeFiles/Makefile2:22951: examples/wireless/CMakeFiles/wifi-ofdm-ht-validation.dir/all] Interrupção
gmake: *** [Makefile:136: all] Interrupção
Traceback (most recent call last):
  File "/home/jeimison/Documentos/Tools/ns-allinone-3.47/ns-3.47/./ns3", line 2163, in <module>
    main()
  File "/home/jeimison/Documentos/Tools/ns-allinone-3.47/ns-3.47/./ns3", line 2125, in main
    build_step(
  File "/home/jeimison/Documentos/Tools/ns-allinone-3.47/ns-3.47/./ns3", line 1354, in build_step
    cmake_build(
  File "/home/jeimison/Documentos/Tools/ns-allinone-3.47/ns-3.47/./ns3", line 1188, in cmake_build
    ret = subprocess.run(
          ^^^^^^^^^^^^^^^
  File "/usr/lib/python3.12/subprocess.py", line 550, in run
    stdout, stderr = process.communicate(input, timeout=timeout)
                     ^^^^^^^^^^^^^^^^^^^^^^^^^^^^^^^^^^^^^^^^^^^
  File "/usr/lib/python3.12/subprocess.py", line 1201, in communicate
    self.wait()
  File "/usr/lib/python3.12/subprocess.py", line 1264, in wait
    return self._wait(timeout=timeout)
           ^^^^^^^^^^^^^^^^^^^^^^^^^^^
  File "/usr/lib/python3.12/subprocess.py", line 2053, in _wait
    (pid, sts) = self._try_wait(0)
                 ^^^^^^^^^^^^^^^^^
  File "/usr/lib/python3.12/subprocess.py", line 2011, in _try_wait
    (pid, sts) = os.waitpid(self.pid, wait_flags)
                 ^^^^^^^^^^^^^^^^^^^^^^^^^^^^^^^^
KeyboardInterrupt
