gmake[1]: *** [CMakeFiles/Makefile2:7057: contrib/nr/examples/CMakeFiles/cttc-3gpp-channel-nums-fdm.dir/all] Interrupção
gmake[1]: *** [CMakeFiles/Makefile2:6611: contrib/netsimulyzer/examples/CMakeFiles/outdoor-random-walk-example-netsimulyzer.dir/all] Interrupção
gmake[1]: *** [CMakeFiles/Makefile2:6779: contrib/nr/CMakeFiles/nr-test.dir/all] Interrupção
gmake[1]: *** [CMakeFiles/Makefile2:6823: contrib/nr/CMakeFiles/nr-print-introspected-doxygen.dir/all] Interrupção
gmake[1]: *** [CMakeFiles/Makefile2:6964: contrib/nr/examples/CMakeFiles/cttc-3gpp-channel-simple-fdm.dir/all] Interrupção
gmake[2]: *** [contrib/nr/examples/CMakeFiles/cttc-3gpp-channel-nums.dir/build.make:110: contrib/nr/examples/CMakeFiles/cttc-3gpp-channel-nums.dir/depend] Interrupção
gmake[1]: *** [CMakeFiles/Makefile2:7010: contrib/nr/examples/CMakeFiles/cttc-3gpp-channel-nums.dir/all] Interrupção
gmake[1]: *** [CMakeFiles/Makefile2:6917: contrib/nr/examples/CMakeFiles/cttc-3gpp-channel-simple-ran.dir/all] Interrupção
gmake[2]: *** [contrib/nr/examples/CMakeFiles/cttc-3gpp-channel-example.dir/build.make:110: contrib/nr/examples/CMakeFiles/cttc-3gpp-channel-example.dir/depend] Interrupção
gmake[1]: *** [CMakeFiles/Makefile2:6869: contrib/nr/examples/CMakeFiles/cttc-3gpp-channel-example.dir/all] Interrupção
gmake[1]: *** wait: Não há processos filhos.  Pare.
gmake[1]: ** Esperando que outros processos terminem.
gmake[1]: *** wait: Não há processos filhos.  Pare.
gmake: *** [Makefile:136: all] Erro 2
Traceback (most recent call last):
  File "/home/jeimison/Documentos/Tools/ns-allinone-3.47/ns-3.47/./ns3", line 2163, in <module>
    main()
  File "/home/jeimison/Documentos/Tools/ns-allinone-3.47/ns-3.47/./ns3", line 2125, in main
    build_step(
  File "/home/jeimison/Documentos/Tools/ns-allinone-3.47/ns-3.47/./ns3", line 1354, in build_step
    cmake_build(
  File "/home/jeimison/Documentos/Tools/ns-allinone-3.47/ns-3.47/./ns3", line 1188, in cmake_build
    ret = subprocess.run(
          ^^^^^^^^^^^^^^^
  File "/usr/lib/python3.12/subprocess.py", line 550, in run
    stdout, stderr = process.communicate(input, timeout=timeout)
                     ^^^^^^^^^^^^^^^^^^^^^^^^^^^^^^^^^^^^^^^^^^^
  File "/usr/lib/python3.12/subprocess.py", line 1201, in communicate
    self.wait()
  File "/usr/lib/python3.12/subprocess.py", line 1264, in wait
    return self._wait(timeout=timeout)
           ^^^^^^^^^^^^^^^^^^^^^^^^^^^
  File "/usr/lib/python3.12/subprocess.py", line 2053, in _wait
    (pid, sts) = self._try_wait(0)
                 ^^^^^^^^^^^^^^^^^
  File "/usr/lib/python3.12/subprocess.py", line 2011, in _try_wait
    (pid, sts) = os.waitpid(self.pid, wait_flags)
                 ^^^^^^^^^^^^^^^^^^^^^^^^^^^^^^^^
KeyboardInterrupt
