gmake[1]: *** [CMakeFiles/Makefile2:21876: examples/tutorial/CMakeFiles/second.dir/all] Interrupção
gmake[1]: *** [CMakeFiles/Makefile2:22164: examples/udp-client-server/CMakeFiles/udp-client-server.dir/all] Interrupção
gmake[1]: *** [CMakeFiles/Makefile2:22206: examples/udp-client-server/CMakeFiles/udp-trace-client-server.dir/all] Interrupção
gmake[2]: *** [examples/udp/CMakeFiles/udp-echo.dir/build.make:109: examples/udp/CMakeFiles/udp-echo.dir/depend] Interrupção
gmake[1]: *** [CMakeFiles/Makefile2:22122: examples/udp/CMakeFiles/udp-echo.dir/all] Interrupção
gmake[2]: *** [examples/tutorial/CMakeFiles/sixth.dir/build.make:125: examples/tutorial/CMakeFiles/sixth.dir/depend] Interrupção
gmake[1]: *** [CMakeFiles/Makefile2:22039: examples/tutorial/CMakeFiles/sixth.dir/all] Interrupção
gmake[2]: *** [examples/tutorial/CMakeFiles/seventh.dir/build.make:125: examples/tutorial/CMakeFiles/seventh.dir/depend] Interrupção
gmake[1]: *** [CMakeFiles/Makefile2:21999: examples/tutorial/CMakeFiles/fifth.dir/all] Interrupção
gmake[1]: *** [CMakeFiles/Makefile2:22080: examples/tutorial/CMakeFiles/seventh.dir/all] Interrupção
gmake[2]: *** [examples/tutorial/CMakeFiles/first.dir/build.make:109: examples/tutorial/CMakeFiles/first.dir/depend] Interrupção
gmake[1]: *** [CMakeFiles/Makefile2:21833: examples/tutorial/CMakeFiles/first.dir/all] Interrupção
gmake[2]: *** [examples/traffic-control/CMakeFiles/cobalt-vs-codel.dir/build.make:109: examples/traffic-control/CMakeFiles/cobalt-vs-codel.dir/depend] Interrupção
gmake[2]: *** [examples/tutorial/CMakeFiles/fourth.dir/build.make:109: examples/tutorial/CMakeFiles/fourth.dir/depend] Interrupção
gmake[1]: *** [CMakeFiles/Makefile2:21957: examples/tutorial/CMakeFiles/fourth.dir/all] Interrupção
gmake[1]: *** [CMakeFiles/Makefile2:21752: examples/traffic-control/CMakeFiles/cobalt-vs-codel.dir/all] Interrupção
gmake: *** [Makefile:136: all] Interrupção
Traceback (most recent call last):
  File "/home/jeimison/Documentos/Tools/ns-allinone-3.47/ns-3.47/./ns3", line 2163, in <module>
    main()
  File "/home/jeimison/Documentos/Tools/ns-allinone-3.47/ns-3.47/./ns3", line 2125, in main
    build_step(
  File "/home/jeimison/Documentos/Tools/ns-allinone-3.47/ns-3.47/./ns3", line 1354, in build_step
    cmake_build(
  File "/home/jeimison/Documentos/Tools/ns-allinone-3.47/ns-3.47/./ns3", line 1188, in cmake_build
    ret = subprocess.run(
          ^^^^^^^^^^^^^^^
  File "/usr/lib/python3.12/subprocess.py", line 550, in run
    stdout, stderr = process.communicate(input, timeout=timeout)
                     ^^^^^^^^^^^^^^^^^^^^^^^^^^^^^^^^^^^^^^^^^^^
  File "/usr/lib/python3.12/subprocess.py", line 1201, in communicate
    self.wait()
  File "/usr/lib/python3.12/subprocess.py", line 1264, in wait
    return self._wait(timeout=timeout)
           ^^^^^^^^^^^^^^^^^^^^^^^^^^^
  File "/usr/lib/python3.12/subprocess.py", line 2053, in _wait
    (pid, sts) = self._try_wait(0)
                 ^^^^^^^^^^^^^^^^^
  File "/usr/lib/python3.12/subprocess.py", line 2011, in _try_wait
    (pid, sts) = os.waitpid(self.pid, wait_flags)
                 ^^^^^^^^^^^^^^^^^^^^^^^^^^^^^^^^
KeyboardInterrupt
