gmake[1]: *** [CMakeFiles/Makefile2:10801: src/core/examples/CMakeFiles/main-ptr.dir/all] Interrupção
gmake[1]: *** [CMakeFiles/Makefile2:10472: src/config-store/examples/CMakeFiles/config-store-save.dir/all] Interrupção
gmake[2]: *** [src/core/examples/CMakeFiles/command-line-example.dir/build.make:109: src/core/examples/CMakeFiles/command-line-example.dir/depend] Interrupção
gmake[1]: *** [CMakeFiles/Makefile2:10601: src/core/examples/CMakeFiles/command-line-example.dir/all] Interrupção
gmake[2]: *** [src/core/examples/CMakeFiles/main-callback.dir/build.make:109: src/core/examples/CMakeFiles/main-callback.dir/depend] Interrupção
gmake[1]: *** [CMakeFiles/Makefile2:10366: src/buildings/examples/CMakeFiles/outdoor-group-mobility-example.dir/all] Interrupção
gmake[1]: *** [CMakeFiles/Makefile2:10761: src/core/examples/CMakeFiles/main-callback.dir/all] Interrupção
gmake[1]: *** [CMakeFiles/Makefile2:10681: src/core/examples/CMakeFiles/hash-example.dir/all] Interrupção
gmake[1]: *** [CMakeFiles/Makefile2:10721: src/core/examples/CMakeFiles/length-example.dir/all] Interrupção
gmake[2]: *** [src/buildings/examples/CMakeFiles/outdoor-random-walk-example.dir/build.make:109: src/buildings/examples/CMakeFiles/outdoor-random-walk-example.dir/depend] Interrupção
gmake[1]: *** [CMakeFiles/Makefile2:10405: src/buildings/examples/CMakeFiles/outdoor-random-walk-example.dir/all] Interrupção
gmake[1]: *** [CMakeFiles/Makefile2:10031: src/applications/examples/CMakeFiles/tgax-voip-example.dir/all] Interrupção
gmake[2]: *** [src/core/examples/CMakeFiles/fatal-example.dir/build.make:109: src/core/examples/CMakeFiles/fatal-example.dir/depend] Interrupção
gmake[2]: *** [src/applications/examples/CMakeFiles/tgax-video-example.dir/build.make:109: src/applications/examples/CMakeFiles/tgax-video-example.dir/depend] Interrupção
gmake[1]: *** [CMakeFiles/Makefile2:10641: src/core/examples/CMakeFiles/fatal-example.dir/all] Interrupção
gmake[1]: *** [CMakeFiles/Makefile2:9989: src/applications/examples/CMakeFiles/tgax-video-example.dir/all] Interrupção
gmake: *** [Makefile:136: all] Interrupção
Traceback (most recent call last):
  File "/home/jeimison/Documentos/Tools/ns-allinone-3.47/ns-3.47/./ns3", line 2163, in <module>
    main()
  File "/home/jeimison/Documentos/Tools/ns-allinone-3.47/ns-3.47/./ns3", line 2125, in main
    build_step(
  File "/home/jeimison/Documentos/Tools/ns-allinone-3.47/ns-3.47/./ns3", line 1354, in build_step
    cmake_build(
  File "/home/jeimison/Documentos/Tools/ns-allinone-3.47/ns-3.47/./ns3", line 1188, in cmake_build
    ret = subprocess.run(
          ^^^^^^^^^^^^^^^
  File "/usr/lib/python3.12/subprocess.py", line 550, in run
    stdout, stderr = process.communicate(input, timeout=timeout)
                     ^^^^^^^^^^^^^^^^^^^^^^^^^^^^^^^^^^^^^^^^^^^
  File "/usr/lib/python3.12/subprocess.py", line 1201, in communicate
    self.wait()
  File "/usr/lib/python3.12/subprocess.py", line 1264, in wait
    return self._wait(timeout=timeout)
           ^^^^^^^^^^^^^^^^^^^^^^^^^^^
  File "/usr/lib/python3.12/subprocess.py", line 2053, in _wait
    (pid, sts) = self._try_wait(0)
                 ^^^^^^^^^^^^^^^^^
  File "/usr/lib/python3.12/subprocess.py", line 2011, in _try_wait
    (pid, sts) = os.waitpid(self.pid, wait_flags)
                 ^^^^^^^^^^^^^^^^^^^^^^^^^^^^^^^^
KeyboardInterrupt
