NS_ASSERT failed, cond="CheckNoZero(m_current, m_current + size)", msg="You have attempted to write before the start of the available buffer space. This usually indicates that Trailer::GetSerializedSize returned a size which is too small compared to what Trailer::Serialize is actually using.", +20.583460484s 0 file=/opt/ns-3.48/src/network/model/buffer.cc, line=823
NS_FATAL, terminating
   0# ns3::Buffer::Iterator::Write(ns3::Buffer::Iterator, ns3::Buffer::Iterator) at /opt/ns-3.48/src/network/model/buffer.cc:823
   1# ns3::Buffer::AddAtEnd(ns3::Buffer const&) at /opt/ns-3.48/src/network/model/buffer.cc:422
   2# ns3::Packet::AddAtEnd(ns3::Ptr<ns3::Packet const>) at /opt/ns-3.48/src/network/model/packet.cc:351
   3# ns3::QuicSocketBase::SendInitialHandshake(unsigned char, ns3::QuicHeader const&, ns3::Ptr<ns3::Packet>) at /opt/ns-3.48/src/quic/model/quic-socket-base.cc:2052
   4# ns3::QuicSocketBase::ReceivedData(ns3::Ptr<ns3::Packet>, ns3::QuicHeader const&, ns3::Address&) at /opt/ns-3.48/src/quic/model/quic-socket-base.cc:2676
   5# void std::__invoke_impl<void, void (ns3::QuicSocketBase::*&)(ns3::Ptr<ns3::Packet>, ns3::QuicHeader const&, ns3::Address&), ns3::QuicSocketBase*, ns3::Ptr<ns3::Packet>, ns3::QuicHeader const&, ns3::Address&>(std::__invoke_memfun_deref, void (ns3::QuicSocketBase::*&)(ns3::Ptr<ns3::Packet>, ns3::QuicHeader const&, ns3::Address&), ns3::QuicSocketBase*&&, ns3::Ptr<ns3::Packet>&&, ns3::QuicHeader const&, ns3::Address&) at /usr/include/c++/13/bits/invoke.h:74
   6# std::function<void (ns3::QuicSocketBase*, ns3::Ptr<ns3::Packet>, ns3::QuicHeader const&, ns3::Address&)>::operator()(ns3::QuicSocketBase*, ns3::Ptr<ns3::Packet>, ns3::QuicHeader const&, ns3::Address&) const at /usr/include/c++/13/bits/std_function.h:591
   7# std::function<void (ns3::Ptr<ns3::Packet>, ns3::QuicHeader const&, ns3::Address&)>::operator()(ns3::Ptr<ns3::Packet>, ns3::QuicHeader const&, ns3::Address&) const at /usr/include/c++/13/bits/std_function.h:591
   8# std::_Function_handler<void (ns3::QuicL4Protocol*, ns3::Ptr<ns3::Socket>), void (ns3::QuicL4Protocol::*)(ns3::Ptr<ns3::Socket>)>::_M_invoke(std::_Any_data const&, ns3::QuicL4Protocol*&&, ns3::Ptr<ns3::Socket>&&) at :0
   9# std::_Function_handler<void (ns3::Ptr<ns3::Socket>), ns3::Callback<void, ns3::Ptr<ns3::Socket> >::Callback<void (ns3::QuicL4Protocol::*)(ns3::Ptr<ns3::Socket>), ns3::QuicL4Protocol*, 0>(void (ns3::QuicL4Protocol::*)(ns3::Ptr<ns3::Socket>), ns3::QuicL4Protocol*)::{lambda((auto:1&&)...)#1}>::_M_invoke(std::_Any_data const&, ns3::Ptr<ns3::Socket>&&) at :0
  10# std::function<void (ns3::Ptr<ns3::Socket>)>::operator()(ns3::Ptr<ns3::Socket>) const at /usr/include/c++/13/bits/std_function.h:591
  11# ns3::Socket::NotifyDataRecv() at /opt/ns-3.48/src/network/model/socket.cc:296
  12# ns3::UdpSocketImpl::ForwardUp(ns3::Ptr<ns3::Packet>, ns3::Ipv4Header, unsigned short, ns3::Ptr<ns3::Ipv4Interface>) at /opt/ns-3.48/src/internet/model/udp-socket-impl.cc:1060
  13# void std::__invoke_impl<void, void (ns3::UdpSocketImpl::*&)(ns3::Ptr<ns3::Packet>, ns3::Ipv4Header, unsigned short, ns3::Ptr<ns3::Ipv4Interface>), ns3::Ptr<ns3::UdpSocketImpl>, ns3::Ptr<ns3::Packet>, ns3::Ipv4Header, unsigned short, ns3::Ptr<ns3::Ipv4Interface> >(std::__invoke_memfun_deref, void (ns3::UdpSocketImpl::*&)(ns3::Ptr<ns3::Packet>, ns3::Ipv4Header, unsigned short, ns3::Ptr<ns3::Ipv4Interface>), ns3::Ptr<ns3::UdpSocketImpl>&&, ns3::Ptr<ns3::Packet>&&, ns3::Ipv4Header&&, unsigned short&&, ns3::Ptr<ns3::Ipv4Interface>&&) at /usr/include/c++/13/bits/invoke.h:74
  14# std::function<void (ns3::Ptr<ns3::UdpSocketImpl>, ns3::Ptr<ns3::Packet>, ns3::Ipv4Header, unsigned short, ns3::Ptr<ns3::Ipv4Interface>)>::operator()(ns3::Ptr<ns3::UdpSocketImpl>, ns3::Ptr<ns3::Packet>, ns3::Ipv4Header, unsigned short, ns3::Ptr<ns3::Ipv4Interface>) const at /usr/include/c++/13/bits/std_function.h:591
  15# std::function<void (ns3::Ptr<ns3::Packet>, ns3::Ipv4Header, unsigned short, ns3::Ptr<ns3::Ipv4Interface>)>::operator()(ns3::Ptr<ns3::Packet>, ns3::Ipv4Header, unsigned short, ns3::Ptr<ns3::Ipv4Interface>) const at /usr/include/c++/13/bits/std_function.h:591
  16# ns3::Ipv4EndPoint::ForwardUp(ns3::Ptr<ns3::Packet>, ns3::Ipv4Header const&, unsigned short, ns3::Ptr<ns3::Ipv4Interface>) at /opt/ns-3.48/src/internet/model/ipv4-end-point.cc:132
  17# ns3::UdpL4Protocol::Receive(ns3::Ptr<ns3::Packet>, ns3::Ipv4Header const&, ns3::Ptr<ns3::Ipv4Interface>) at /opt/ns-3.48/src/internet/model/udp-l4-protocol.cc:373
  18# ns3::Ipv4L3Protocol::LocalDeliver(ns3::Ptr<ns3::Packet const>, ns3::Ipv4Header const&, unsigned int) at /opt/ns-3.48/src/internet/model/ipv4-l3-protocol.cc:1089
  19# std::_Function_handler<void (ns3::Ipv4L3Protocol*, ns3::Ptr<ns3::Packet const>, ns3::Ipv4Header const&, unsigned int), void (ns3::Ipv4L3Protocol::*)(ns3::Ptr<ns3::Packet const>, ns3::Ipv4Header const&, unsigned int)>::_M_invoke(std::_Any_data const&, ns3::Ipv4L3Protocol*&&, ns3::Ptr<ns3::Packet const>&&, ns3::Ipv4Header const&, unsigned int&&) at :0
  20# std::_Function_handler<void (ns3::Ptr<ns3::Packet const>, ns3::Ipv4Header const&, unsigned int), ns3::Callback<void, ns3::Ptr<ns3::Packet const>, ns3::Ipv4Header const&, unsigned int>::Callback<void (ns3::Ipv4L3Protocol::*)(ns3::Ptr<ns3::Packet const>, ns3::Ipv4Header const&, unsigned int), ns3::Ipv4L3Protocol*, 0>(void (ns3::Ipv4L3Protocol::*)(ns3::Ptr<ns3::Packet const>, ns3::Ipv4Header const&, unsigned int), ns3::Ipv4L3Protocol*)::{lambda((auto:1&&)...)#1}>::_M_invoke(std::_Any_data const&, ns3::Ptr<ns3::Packet const>&&, ns3::Ipv4Header const&, unsigned int&&) at :0
  21# std::function<void (ns3::Ptr<ns3::Packet const>, ns3::Ipv4Header const&, unsigned int)>::operator()(ns3::Ptr<ns3::Packet const>, ns3::Ipv4Header const&, unsigned int) const at /usr/include/c++/13/bits/std_function.h:591
  22# ns3::Ipv4ListRouting::RouteInput(ns3::Ptr<ns3::Packet const>, ns3::Ipv4Header const&, ns3::Ptr<ns3::NetDevice const>, ns3::Callback<void, ns3::Ptr<ns3::Ipv4Route>, ns3::Ptr<ns3::Packet const>, ns3::Ipv4Header const&> const&, ns3::Callback<void, ns3::Ptr<ns3::Ipv4MulticastRoute>, ns3::Ptr<ns3::Packet const>, ns3::Ipv4Header const&> const&, ns3::Callback<void, ns3::Ptr<ns3::Packet const>, ns3::Ipv4Header const&, unsigned int> const&, ns3::Callback<void, ns3::Ptr<ns3::Packet const>, ns3::Ipv4Header const&, ns3::Socket::SocketErrno> const&) at /opt/ns-3.48/src/internet/model/ipv4-list-routing.cc:157
  23# ns3::Ipv4L3Protocol::Receive(ns3::Ptr<ns3::NetDevice>, ns3::Ptr<ns3::Packet const>, unsigned short, ns3::Address const&, ns3::Address const&, ns3::NetDevice::PacketType) at /opt/ns-3.48/src/internet/model/ipv4-l3-protocol.cc:642
  24# std::_Function_handler<void (ns3::Ipv4L3Protocol*, ns3::Ptr<ns3::NetDevice>, ns3::Ptr<ns3::Packet const>, unsigned short, ns3::Address const&, ns3::Address const&, ns3::NetDevice::PacketType), void (ns3::Ipv4L3Protocol::*)(ns3::Ptr<ns3::NetDevice>, ns3::Ptr<ns3::Packet const>, unsigned short, ns3::Address const&, ns3::Address const&, ns3::NetDevice::PacketType)>::_M_invoke(std::_Any_data const&, ns3::Ipv4L3Protocol*&&, ns3::Ptr<ns3::NetDevice>&&, ns3::Ptr<ns3::Packet const>&&, unsigned short&&, ns3::Address const&, ns3::Address const&, ns3::NetDevice::PacketType&&) at :0
  25# std::_Function_handler<void (ns3::Ptr<ns3::NetDevice>, ns3::Ptr<ns3::Packet const>, unsigned short, ns3::Address const&, ns3::Address const&, ns3::NetDevice::PacketType), ns3::Callback<void, ns3::Ptr<ns3::NetDevice>, ns3::Ptr<ns3::Packet const>, unsigned short, ns3::Address const&, ns3::Address const&, ns3::NetDevice::PacketType>::Callback<void (ns3::Ipv4L3Protocol::*)(ns3::Ptr<ns3::NetDevice>, ns3::Ptr<ns3::Packet const>, unsigned short, ns3::Address const&, ns3::Address const&, ns3::NetDevice::PacketType), ns3::Ipv4L3Protocol*, 0>(void (ns3::Ipv4L3Protocol::*)(ns3::Ptr<ns3::NetDevice>, ns3::Ptr<ns3::Packet const>, unsigned short, ns3::Address const&, ns3::Address const&, ns3::NetDevice::PacketType), ns3::Ipv4L3Protocol*)::{lambda((auto:1&&)...)#1}>::_M_invoke(std::_Any_data const&, ns3::Ptr<ns3::NetDevice>&&, ns3::Ptr<ns3::Packet const>&&, unsigned short&&, ns3::Address const&, ns3::Address const&, ns3::NetDevice::PacketType&&) at :0
  26# std::function<void (ns3::Ptr<ns3::NetDevice>, ns3::Ptr<ns3::Packet const>, unsigned short, ns3::Address const&, ns3::Address const&, ns3::NetDevice::PacketType)>::operator()(ns3::Ptr<ns3::NetDevice>, ns3::Ptr<ns3::Packet const>, unsigned short, ns3::Address const&, ns3::Address const&, ns3::NetDevice::PacketType) const at /usr/include/c++/13/bits/std_function.h:591
  27# void std::__invoke_impl<void, void (ns3::TrafficControlLayer::*&)(ns3::Ptr<ns3::NetDevice>, ns3::Ptr<ns3::Packet const>, unsigned short, ns3::Address const&, ns3::Address const&, ns3::NetDevice::PacketType), ns3::Ptr<ns3::TrafficControlLayer>, ns3::Ptr<ns3::NetDevice>, ns3::Ptr<ns3::Packet const>, unsigned short, ns3::Address const&, ns3::Address const&, ns3::NetDevice::PacketType>(std::__invoke_memfun_deref, void (ns3::TrafficControlLayer::*&)(ns3::Ptr<ns3::NetDevice>, ns3::Ptr<ns3::Packet const>, unsigned short, ns3::Address const&, ns3::Address const&, ns3::NetDevice::PacketType), ns3::Ptr<ns3::TrafficControlLayer>&&, ns3::Ptr<ns3::NetDevice>&&, ns3::Ptr<ns3::Packet const>&&, unsigned short&&, ns3::Address const&, ns3::Address const&, ns3::NetDevice::PacketType&&) at /usr/include/c++/13/bits/invoke.h:74
  28# std::function<void (ns3::Ptr<ns3::TrafficControlLayer>, ns3::Ptr<ns3::NetDevice>, ns3::Ptr<ns3::Packet const>, unsigned short, ns3::Address const&, ns3::Address const&, ns3::NetDevice::PacketType)>::operator()(ns3::Ptr<ns3::TrafficControlLayer>, ns3::Ptr<ns3::NetDevice>, ns3::Ptr<ns3::Packet const>, unsigned short, ns3::Address const&, ns3::Address const&, ns3::NetDevice::PacketType) const at /usr/include/c++/13/bits/std_function.h:591
  29# std::function<void (ns3::Ptr<ns3::NetDevice>, ns3::Ptr<ns3::Packet const>, unsigned short, ns3::Address const&, ns3::Address const&, ns3::NetDevice::PacketType)>::operator()(ns3::Ptr<ns3::NetDevice>, ns3::Ptr<ns3::Packet const>, unsigned short, ns3::Address const&, ns3::Address const&, ns3::NetDevice::PacketType) const at /usr/include/c++/13/bits/std_function.h:591
  30# ns3::Node::NonPromiscReceiveFromDevice(ns3::Ptr<ns3::NetDevice>, ns3::Ptr<ns3::Packet const>, unsigned short, ns3::Address const&) at /opt/ns-3.48/src/network/model/node.cc:293
  31# bool std::__invoke_impl<bool, bool (ns3::Node::*&)(ns3::Ptr<ns3::NetDevice>, ns3::Ptr<ns3::Packet const>, unsigned short, ns3::Address const&), ns3::Node*, ns3::Ptr<ns3::NetDevice>, ns3::Ptr<ns3::Packet const>, unsigned short, ns3::Address const&>(std::__invoke_memfun_deref, bool (ns3::Node::*&)(ns3::Ptr<ns3::NetDevice>, ns3::Ptr<ns3::Packet const>, unsigned short, ns3::Address const&), ns3::Node*&&, ns3::Ptr<ns3::NetDevice>&&, ns3::Ptr<ns3::Packet const>&&, unsigned short&&, ns3::Address const&) at /usr/include/c++/13/bits/invoke.h:74
  32# std::function<bool (ns3::Node*, ns3::Ptr<ns3::NetDevice>, ns3::Ptr<ns3::Packet const>, unsigned short, ns3::Address const&)>::operator()(ns3::Node*, ns3::Ptr<ns3::NetDevice>, ns3::Ptr<ns3::Packet const>, unsigned short, ns3::Address const&) const at /usr/include/c++/13/bits/std_function.h:591
  33# std::function<bool (ns3::Ptr<ns3::NetDevice>, ns3::Ptr<ns3::Packet const>, unsigned short, ns3::Address const&)>::operator()(ns3::Ptr<ns3::NetDevice>, ns3::Ptr<ns3::Packet const>, unsigned short, ns3::Address const&) const at /usr/include/c++/13/bits/std_function.h:591
  34# void std::__invoke_impl<void, void (ns3::PointToPointNetDevice::*&)(ns3::Ptr<ns3::Packet>), ns3::Ptr<ns3::PointToPointNetDevice>&, ns3::Ptr<ns3::Packet>&>(std::__invoke_memfun_deref, void (ns3::PointToPointNetDevice::*&)(ns3::Ptr<ns3::Packet>), ns3::Ptr<ns3::PointToPointNetDevice>&, ns3::Ptr<ns3::Packet>&) at /usr/include/c++/13/bits/invoke.h:74
  35# ns3::DefaultSimulatorImpl::ProcessOneEvent() at /opt/ns-3.48/src/core/model/default-simulator-impl.cc:131
  36# ns3::DefaultSimulatorImpl::Run() at /opt/ns-3.48/src/core/model/default-simulator-impl.cc:184
  37# main at /opt/ns-3.48/scratch/connection-success.cc:1110
  38# __libc_start_call_main at ../sysdeps/nptl/libc_start_call_main.h:58
  39# __libc_start_main_impl at ../csu/libc-start.c:360
  40# _start at :0
  41# 

terminate called without an active exception
